<?xml version="1.0" encoding="UTF-8"?>
<testng-results ignored="0" total="2" passed="2" failed="0" skipped="0">
  <reporter-output>
  </reporter-output>
  <suite started-at="2025-10-19T12:51:55 IST" name="Suite" finished-at="2025-10-19T12:52:26 IST" duration-ms="30546">
    <groups>
      <group name="Master">
        <method signature="TC001_AccountRegistrationTest.verify_account_registration()[pri:0, instance:testCases.TC001_AccountRegistrationTest@34a3d150]" name="verify_account_registration" class="testCases.TC001_AccountRegistrationTest"/>
        <method signature="TC002_LoginTest.verifyLogin()[pri:0, instance:testCases.TC002_LoginTest@7cc0cdad]" name="verifyLogin" class="testCases.TC002_LoginTest"/>
      </group> <!-- Master -->
      <group name="Sanity">
        <method signature="TC001_AccountRegistrationTest.verify_account_registration()[pri:0, instance:testCases.TC001_AccountRegistrationTest@34a3d150]" name="verify_account_registration" class="testCases.TC001_AccountRegistrationTest"/>
      </group> <!-- Sanity -->
      <group name="Regression">
        <method signature="TC002_LoginTest.verifyLogin()[pri:0, instance:testCases.TC002_LoginTest@7cc0cdad]" name="verifyLogin" class="testCases.TC002_LoginTest"/>
      </group> <!-- Regression -->
    </groups>
    <test started-at="2025-10-19T12:51:55 IST" name="Test" finished-at="2025-10-19T12:52:26 IST" duration-ms="30546">
      <class name="testCases.TC002_LoginTest">
        <test-method is-config="true" signature="setup(java.lang.String,java.lang.String)[pri:0, instance:testCases.TC002_LoginTest@7cc0cdad]" started-at="2025-10-19T12:52:15 IST" name="setup" finished-at="2025-10-19T12:52:23 IST" duration-ms="8025" status="PASS">
          <params>
            <param index="0">
              <value>
                <![CDATA[windows]]>
              </value>
            </param>
            <param index="1">
              <value>
                <![CDATA[chrome]]>
              </value>
            </param>
          </params>
          <reporter-output>
          </reporter-output>
        </test-method> <!-- setup -->
        <test-method signature="verifyLogin()[pri:0, instance:testCases.TC002_LoginTest@7cc0cdad]" started-at="2025-10-19T12:52:23 IST" name="verifyLogin" finished-at="2025-10-19T12:52:25 IST" duration-ms="2771" status="PASS">
          <reporter-output>
          </reporter-output>
        </test-method> <!-- verifyLogin -->
        <test-method is-config="true" signature="tearDown()[pri:0, instance:testCases.TC002_LoginTest@7cc0cdad]" started-at="2025-10-19T12:52:25 IST" name="tearDown" finished-at="2025-10-19T12:52:26 IST" duration-ms="339" status="PASS">
          <reporter-output>
          </reporter-output>
        </test-method> <!-- tearDown -->
      </class> <!-- testCases.TC002_LoginTest -->
      <class name="testCases.TC001_AccountRegistrationTest">
        <test-method is-config="true" signature="setup(java.lang.String,java.lang.String)[pri:0, instance:testCases.TC001_AccountRegistrationTest@34a3d150]" started-at="2025-10-19T12:51:55 IST" name="setup" finished-at="2025-10-19T12:52:10 IST" duration-ms="14049" status="PASS">
          <params>
            <param index="0">
              <value>
                <![CDATA[windows]]>
              </value>
            </param>
            <param index="1">
              <value>
                <![CDATA[chrome]]>
              </value>
            </param>
          </params>
          <reporter-output>
          </reporter-output>
        </test-method> <!-- setup -->
        <test-method signature="verify_account_registration()[pri:0, instance:testCases.TC001_AccountRegistrationTest@34a3d150]" started-at="2025-10-19T12:52:10 IST" name="verify_account_registration" finished-at="2025-10-19T12:52:14 IST" duration-ms="4603" status="PASS">
          <reporter-output>
          </reporter-output>
        </test-method> <!-- verify_account_registration -->
        <test-method is-config="true" signature="tearDown()[pri:0, instance:testCases.TC001_AccountRegistrationTest@34a3d150]" started-at="2025-10-19T12:52:14 IST" name="tearDown" finished-at="2025-10-19T12:52:15 IST" duration-ms="387" status="PASS">
          <reporter-output>
          </reporter-output>
        </test-method> <!-- tearDown -->
      </class> <!-- testCases.TC001_AccountRegistrationTest -->
    </test> <!-- Test -->
  </suite> <!-- Suite -->
</testng-results>
